Der Buildvorgang wurde am 25.07.2012 14:12:29 gestartet.
     1>Projekt "V:\Development\C++\TripleF\TechnicalLabs\TechnicalLabs.vcxproj" auf Knoten "2", build Ziel(e).
     1>InitializeBuildStatus:
         "Debug\TechnicalLabs.unsuccessfulbuild" wird erstellt, da "AlwaysCreate" angegeben wurde.
       ClCompile:
         c:\Program Files (x86)\Microsoft Visual Studio 10.0\VC\bin\CL.exe /c /ZI /nologo /W3 /WX- /Od /Oy- /D _CRT_SECURE_NO_WARNINGS /D _MBCS /Gm- /EHsc /MTd /GS /fp:precise /Zc:wchar_t /Zc:forScope /Fo"Debug\\" /Fd"Debug\vc100.pdb" /Gd /TP /analyze- /errorReport:prompt labs.cpp
         labs.cpp
       Link:
         c:\Program Files (x86)\Microsoft Visual Studio 10.0\VC\bin\link.exe /ERRORREPORT:PROMPT /OUT:"V:\Development\C++\TripleF\TechnicalLabs\Debug\TechnicalLabs.exe" /NOLOGO OpenCL.lib fffd.lib kernel32.lib user32.lib gdi32.lib winspool.lib comdlg32.lib advapi32.lib shell32.lib ole32.lib oleaut32.lib uuid.lib odbc32.lib odbccp32.lib /MANIFEST /ManifestFile:"Debug\TechnicalLabs.exe.intermediate.manifest" /MANIFESTUAC:"level='asInvoker' uiAccess='false'" /DEBUG /PDB:"V:\Development\C++\TripleF\TechnicalLabs\Debug\TechnicalLabs.pdb" /TLBID:1 /DYNAMICBASE /NXCOMPAT /IMPLIB:"V:\Development\C++\TripleF\TechnicalLabs\Debug\TechnicalLabs.lib" /MACHINE:X86 Debug\errhandler.obj
         Debug\labs.obj
         Debug\main.obj
         Debug\session.obj
         LINK : V:\Development\C++\TripleF\TechnicalLabs\Debug\TechnicalLabs.exe wurde nicht gefunden oder beim letzten inkrementellen Linkvorgang nicht erstellt; vollständiger Link wird durchgeführt.
         TechnicalLabs.vcxproj -> V:\Development\C++\TripleF\TechnicalLabs\Debug\TechnicalLabs.exe
       Manifest:
         C:\Program Files (x86)\Microsoft SDKs\Windows\v7.0A\bin\mt.exe /nologo /verbose /outputresource:"V:\Development\C++\TripleF\TechnicalLabs\Debug\TechnicalLabs.exe;#1" /manifest Debug\TechnicalLabs.exe.intermediate.manifest
       FinalizeBuildStatus:
         Die Datei "Debug\TechnicalLabs.unsuccessfulbuild" wird gelöscht.
         Aktualisieren des Timestamps von "Debug\TechnicalLabs.lastbuildstate".
     1>Die Erstellung des Projekts "V:\Development\C++\TripleF\TechnicalLabs\TechnicalLabs.vcxproj" ist abgeschlossen, build Ziel(e).

Das Erstellen war erfolgreich.

Verstrichene Zeit 00:00:02.05
