V:\Development\C++\TripleF\TechnicalLabs\Debug\cl.command.1.tlog
V:\Development\C++\TripleF\TechnicalLabs\Debug\CL.read.1.tlog
V:\Development\C++\TripleF\TechnicalLabs\Debug\CL.write.1.tlog
V:\DEVELOPMENT\C++\TRIPLEF\TECHNICALLABS\DEBUG\ERRHANDLER.OBJ
V:\DEVELOPMENT\C++\TRIPLEF\TECHNICALLABS\DEBUG\LABS.OBJ
V:\Development\C++\TripleF\TechnicalLabs\Debug\link.command.1.tlog
V:\Development\C++\TripleF\TechnicalLabs\Debug\link.read.1.tlog
V:\Development\C++\TripleF\TechnicalLabs\Debug\link.write.1.tlog
V:\DEVELOPMENT\C++\TRIPLEF\TECHNICALLABS\DEBUG\MAIN.OBJ
V:\Development\C++\TripleF\TechnicalLabs\Debug\mt.command.1.tlog
V:\Development\C++\TripleF\TechnicalLabs\Debug\mt.read.1.tlog
V:\Development\C++\TripleF\TechnicalLabs\Debug\mt.write.1.tlog
V:\DEVELOPMENT\C++\TRIPLEF\TECHNICALLABS\DEBUG\SESSION.OBJ
V:\DEVELOPMENT\C++\TRIPLEF\TECHNICALLABS\DEBUG\SETUP.OBJ
V:\DEVELOPMENT\C++\TRIPLEF\TECHNICALLABS\DEBUG\TECHNICALLABS.EXE
V:\DEVELOPMENT\C++\TRIPLEF\TECHNICALLABS\DEBUG\TECHNICALLABS.EXE.INTERMEDIATE.MANIFEST
V:\DEVELOPMENT\C++\TRIPLEF\TECHNICALLABS\DEBUG\TECHNICALLABS.ILK
V:\DEVELOPMENT\C++\TRIPLEF\TECHNICALLABS\DEBUG\TECHNICALLABS.PDB
V:\Development\C++\TripleF\TechnicalLabs\Debug\vc100.idb
V:\DEVELOPMENT\C++\TRIPLEF\TECHNICALLABS\DEBUG\VC100.PDB
V:\DEVELOPMENT\C++\TRIPLEF\TECHNICALLABS\DEBUG\ZEROKERNELSESSION.OBJ
